{
  message: 'server is running on PORT 3000',
  level: 'info',
  label: 'server message',
  timestamp: '2024-06-22T03:33:58.234Z'
}
{
  message: 'server is running on PORT 3000',
  level: 'info',
  label: 'Server message',
  timestamp: '2024-06-22T03:36:32.165Z'
  CurrentTimeStamp:
}
{
  message: 'server is running on PORT 3000',
  level: 'info',
  label: 'Server message',
  timestamp: '2024-06-22T10:30:01.511Z'
}
{
  message: 'server is running on PORT 3000',
  level: 'info',
  label: 'Server message',
  timestamp: '2024-06-22T10:30:14.360Z'
}
{
  message: 'server is running on PORT 3000',
  level: 'info',
  label: 'Server message',
  timestamp: '2024-06-22T10:38:03.583Z'
}
{
  message: 'server is running on PORT 3000',
  level: 'info',
  label: 'Server message',
  timestamp: '2024-06-22T10:44:23.566Z'
}
{
  message: 'server is running on PORT 3000',
  level: 'info',
  label: 'Server message',
  timestamp: '2024-06-22T11:23:05.181Z'
}
{
  message: 'server is running on PORT 3000',
  level: 'info',
  label: 'Server message',
  timestamp: '2024-06-22T11:23:19.851Z'
}
{
  message: 'server is running on PORT 3000',
  level: 'info',
  label: 'Server message',
  timestamp: '2024-06-22T13:44:07.948Z'
}
{
  message: 'server is running on PORT 3000',
  level: 'info',
  label: 'Server message',
  timestamp: '2024-06-22T13:47:13.541Z'
}
{
  message: 'server is running on PORT 3000',
  level: 'info',
  label: 'Server message',
  timestamp: '2024-06-22T13:51:07.888Z'
}
